# JRE version: Java(TM) SE Runtime Environment (8.0_05-b13) (build 1.8.0_05-b13)
# Java VM: Java HotSpot(TM) 64-Bit Server VM (25.5-b02 mixed mode linux-amd64 compressed oops)
Heap:
 PSYoungGen      total 110080K, used 10383K [0x00000000f5580000, 0x00000000ff680000, 0x0000000100000000)
  eden space 59392K, 17% used [0x00000000f5580000,0x00000000f5fa3c58,0x00000000f8f80000)
  from space 50688K, 0% used [0x00000000fc500000,0x00000000fc500000,0x00000000ff680000)
  to   space 52736K, 0% used [0x00000000f8f80000,0x00000000f8f80000,0x00000000fc300000)
 ParOldGen       total 149504K, used 127335K [0x00000000e0000000, 0x00000000e9200000, 0x00000000f5580000)
  object space 149504K, 85% used [0x00000000e0000000,0x00000000e7c59d58,0x00000000e9200000)
 Metaspace       used 95867K, capacity 103056K, committed 103844K, reserved 1138688K
  class space    used 11170K, capacity 13108K, committed 13748K, reserved 1048576K
GC Heap History (10 events):
Event: 575.886 GC heap before
{Heap before GC invocations=56 (full 9):
 PSYoungGen      total 116736K, used 2106K [0x00000000f5580000, 0x0000000100000000, 0x0000000100000000)
  eden space 58880K, 0% used [0x00000000f5580000,0x00000000f5580000,0x00000000f8f00000)
  from space 57856K, 3% used [0x00000000f8f00000,0x00000000f910eb98,0x00000000fc780000)
  to   space 57856K, 0% used [0x00000000fc780000,0x00000000fc780000,0x0000000100000000)
 ParOldGen       total 149504K, used 123268K [0x00000000e0000000, 0x00000000e9200000, 0x00000000f5580000)
  object space 149504K, 82% used [0x00000000e0000000,0x00000000e78610a8,0x00000000e9200000)
 Metaspace       used 90805K, capacity 98070K, committed 101028K, reserved 1136640K
  class space    used 10711K, capacity 12687K, committed 13748K, reserved 1048576K
Event: 576.303 GC heap after
Heap after GC invocations=56 (full 9):
 PSYoungGen      total 116736K, used 0K [0x00000000f5580000, 0x0000000100000000, 0x0000000100000000)
  eden space 58880K, 0% used [0x00000000f5580000,0x00000000f5580000,0x00000000f8f00000)
  from space 57856K, 0% used [0x00000000f8f00000,0x00000000f8f00000,0x00000000fc780000)
  to   space 57856K, 0% used [0x00000000fc780000,0x00000000fc780000,0x0000000100000000)
 ParOldGen       total 149504K, used 124156K [0x00000000e0000000, 0x00000000e9200000, 0x00000000f5580000)
  object space 149504K, 83% used [0x00000000e0000000,0x00000000e793f068,0x00000000e9200000)
 Metaspace       used 90805K, capacity 98070K, committed 101028K, reserved 1136640K
  class space    used 10711K, capacity 12687K, committed 13748K, reserved 1048576K
}
Event: 603.607 GC heap before
{Heap before GC invocations=57 (full 9):
 PSYoungGen      total 116736K, used 58880K [0x00000000f5580000, 0x0000000100000000, 0x0000000100000000)
  eden space 58880K, 100% used [0x00000000f5580000,0x00000000f8f00000,0x00000000f8f00000)
  from space 57856K, 0% used [0x00000000f8f00000,0x00000000f8f00000,0x00000000fc780000)
  to   space 57856K, 0% used [0x00000000fc780000,0x00000000fc780000,0x0000000100000000)
 ParOldGen       total 149504K, used 124156K [0x00000000e0000000, 0x00000000e9200000, 0x00000000f5580000)
  object space 149504K, 83% used [0x00000000e0000000,0x00000000e793f068,0x00000000e9200000)
 Metaspace       used 93944K, capacity 101322K, committed 102308K, reserved 1138688K
  class space    used 11007K, capacity 12979K, committed 13748K, reserved 1048576K
Event: 603.615 GC heap after
Heap after GC invocations=57 (full 9):
 PSYoungGen      total 114688K, used 4657K [0x00000000f5580000, 0x00000000ffe00000, 0x0000000100000000)
  eden space 58880K, 0% used [0x00000000f5580000,0x00000000f5580000,0x00000000f8f00000)
  from space 55808K, 8% used [0x00000000fc780000,0x00000000fcc0c578,0x00000000ffe00000)
  to   space 56832K, 0% used [0x00000000f8f00000,0x00000000f8f00000,0x00000000fc680000)
 ParOldGen       total 149504K, used 124164K [0x00000000e0000000, 0x00000000e9200000, 0x00000000f5580000)
  object space 149504K, 83% used [0x00000000e0000000,0x00000000e7941068,0x00000000e9200000)
 Metaspace       used 93944K, capacity 101322K, committed 102308K, reserved 1138688K
  class space    used 11007K, capacity 12979K, committed 13748K, reserved 1048576K
}
Event: 634.905 GC heap before
{Heap before GC invocations=58 (full 9):
 PSYoungGen      total 114688K, used 63537K [0x00000000f5580000, 0x00000000ffe00000, 0x0000000100000000)
  eden space 58880K, 100% used [0x00000000f5580000,0x00000000f8f00000,0x00000000f8f00000)
  from space 55808K, 8% used [0x00000000fc780000,0x00000000fcc0c578,0x00000000ffe00000)
  to   space 56832K, 0% used [0x00000000f8f00000,0x00000000f8f00000,0x00000000fc680000)
 ParOldGen       total 149504K, used 124164K [0x00000000e0000000, 0x00000000e9200000, 0x00000000f5580000)
  object space 149504K, 83% used [0x00000000e0000000,0x00000000e7941068,0x00000000e9200000)
 Metaspace       used 95011K, capacity 102096K, committed 103076K, reserved 1138688K
  class space    used 11107K, capacity 13044K, committed 13748K, reserved 1048576K
Event: 634.914 GC heap after
Heap after GC invocations=58 (full 9):
 PSYoungGen      total 65536K, used 6421K [0x00000000f5580000, 0x00000000ffa80000, 0x0000000100000000)
  eden space 58880K, 0% used [0x00000000f5580000,0x00000000f5580000,0x00000000f8f00000)
  from space 6656K, 96% used [0x00000000f8f00000,0x00000000f9545628,0x00000000f9580000)
  to   space 54784K, 0% used [0x00000000fc500000,0x00000000fc500000,0x00000000ffa80000)
 ParOldGen       total 149504K, used 124164K [0x00000000e0000000, 0x00000000e9200000, 0x00000000f5580000)
  object space 149504K, 83% used [0x00000000e0000000,0x00000000e7941068,0x00000000e9200000)
 Metaspace       used 95011K, capacity 102096K, committed 103076K, reserved 1138688K
  class space    used 11107K, capacity 13044K, committed 13748K, reserved 1048576K
}
Event: 642.936 GC heap before
{Heap before GC invocations=59 (full 9):
 PSYoungGen      total 65536K, used 10848K [0x00000000f5580000, 0x00000000ffa80000, 0x0000000100000000)
  eden space 58880K, 7% used [0x00000000f5580000,0x00000000f59d2a78,0x00000000f8f00000)
  from space 6656K, 96% used [0x00000000f8f00000,0x00000000f9545628,0x00000000f9580000)
  to   space 54784K, 0% used [0x00000000fc500000,0x00000000fc500000,0x00000000ffa80000)
 ParOldGen       total 149504K, used 124164K [0x00000000e0000000, 0x00000000e9200000, 0x00000000f5580000)
  object space 149504K, 83% used [0x00000000e0000000,0x00000000e7941068,0x00000000e9200000)
 Metaspace       used 95047K, capacity 102160K, committed 103076K, reserved 1138688K
  class space    used 11107K, capacity 13044K, committed 13748K, reserved 1048576K
Event: 642.943 GC heap after
Heap after GC invocations=59 (full 9):
 PSYoungGen      total 110080K, used 5607K [0x00000000f5580000, 0x00000000ff680000, 0x0000000100000000)
  eden space 59392K, 0% used [0x00000000f5580000,0x00000000f5580000,0x00000000f8f80000)
  from space 50688K, 11% used [0x00000000fc500000,0x00000000fca79c88,0x00000000ff680000)
  to   space 52736K, 0% used [0x00000000f8f80000,0x00000000f8f80000,0x00000000fc300000)
 ParOldGen       total 149504K, used 124172K [0x00000000e0000000, 0x00000000e9200000, 0x00000000f5580000)
  object space 149504K, 83% used [0x00000000e0000000,0x00000000e7943068,0x00000000e9200000)
 Metaspace       used 95047K, capacity 102160K, committed 103076K, reserved 1138688K
  class space    used 11107K, capacity 13044K, committed 13748K, reserved 1048576K
}
Event: 642.943 GC heap before
{Heap before GC invocations=60 (full 10):
 PSYoungGen      total 110080K, used 5607K [0x00000000f5580000, 0x00000000ff680000, 0x0000000100000000)
  eden space 59392K, 0% used [0x00000000f5580000,0x00000000f5580000,0x00000000f8f80000)
  from space 50688K, 11% used [0x00000000fc500000,0x00000000fca79c88,0x00000000ff680000)
  to   space 52736K, 0% used [0x00000000f8f80000,0x00000000f8f80000,0x00000000fc300000)
 ParOldGen       total 149504K, used 124172K [0x00000000e0000000, 0x00000000e9200000, 0x00000000f5580000)
  object space 149504K, 83% used [0x00000000e0000000,0x00000000e7943068,0x00000000e9200000)
 Metaspace       used 95047K, capacity 102160K, committed 103076K, reserved 1138688K
  class space    used 11107K, capacity 13044K, committed 13748K, reserved 1048576K
Event: 643.395 GC heap after
Heap after GC invocations=60 (full 10):
 PSYoungGen      total 110080K, used 0K [0x00000000f5580000, 0x00000000ff680000, 0x0000000100000000)
  eden space 59392K, 0% used [0x00000000f5580000,0x00000000f5580000,0x00000000f8f80000)
  from space 50688K, 0% used [0x00000000fc500000,0x00000000fc500000,0x00000000ff680000)
  to   space 52736K, 0% used [0x00000000f8f80000,0x00000000f8f80000,0x00000000fc300000)
 ParOldGen       total 149504K, used 127335K [0x00000000e0000000, 0x00000000e9200000, 0x00000000f5580000)
  object space 149504K, 85% used [0x00000000e0000000,0x00000000e7c59d58,0x00000000e9200000)
 Metaspace       used 95047K, capacity 102160K, committed 103076K, reserved 1138688K
  class space    used 11107K, capacity 13044K, committed 13748K, reserved 1048576K
}

